
--- Conversion started at 2025-05-25T19:23:20.856Z ---
✅ Converted: Lecture002 Write First C++ Program\firstProgram.cpp → Lecture002 Write First C++ Program\firstProgram.java
✅ Converted: Lecture003 If-Else, While loop & Lots of Patterns\conditionals.cpp → Lecture003 If-Else, While loop & Lots of Patterns\conditionals.java
✅ Converted: Lecture003 If-Else, While loop & Lots of Patterns\pattern1.cpp → Lecture003 If-Else, While loop & Lots of Patterns\pattern1.java
✅ Converted: Lecture003 If-Else, While loop & Lots of Patterns\pattern2.cpp → Lecture003 If-Else, While loop & Lots of Patterns\pattern2.java
✅ Converted: Lecture003 If-Else, While loop & Lots of Patterns\primeNumber.cpp → Lecture003 If-Else, While loop & Lots of Patterns\primeNumber.java
✅ Converted: Lecture003 If-Else, While loop & Lots of Patterns\sumOfN.cpp → Lecture003 If-Else, While loop & Lots of Patterns\sumOfN.java
✅ Converted: Lecture003 If-Else, While loop & Lots of Patterns\whileLoop.cpp → Lecture003 If-Else, While loop & Lots of Patterns\whileLoop.java

--- Conversion started at 2025-05-25T19:25:40.799Z ---
✅ Converted: Lecture002 Write First C++ Program\firstProgram.cpp → Lecture002 Write First C++ Program\firstProgram.java
✅ Converted: Lecture003 If-Else, While loop & Lots of Patterns\conditionals.cpp → Lecture003 If-Else, While loop & Lots of Patterns\conditionals.java
✅ Converted: Lecture003 If-Else, While loop & Lots of Patterns\pattern1.cpp → Lecture003 If-Else, While loop & Lots of Patterns\pattern1.java
✅ Converted: Lecture003 If-Else, While loop & Lots of Patterns\pattern2.cpp → Lecture003 If-Else, While loop & Lots of Patterns\pattern2.java

--- Conversion started at 2025-05-25T19:33:26.443Z ---
✅ Converted: Lecture002 Write First C++ Program\firstProgram.cpp → Lecture002 Write First C++ Program\firstProgram.java
✅ Converted: Lecture003 If-Else, While loop & Lots of Patterns\conditionals.cpp → Lecture003 If-Else, While loop & Lots of Patterns\conditionals.java

--- Conversion started at 2025-05-25T19:36:44.565Z ---
✅ Converted: Lecture002 Write First C++ Program\firstProgram.cpp → Lecture002 Write First C++ Program\firstProgram.java

--- Conversion started at 2025-05-25T19:43:03.127Z ---
✅ Converted: Lecture002 Write First C++ Program\firstProgram.cpp → Lecture002 Write First C++ Program\firstProgram.java
✅ Converted: Lecture003 If-Else, While loop & Lots of Patterns\conditionals.cpp → Lecture003 If-Else, While loop & Lots of Patterns\conditionals.java

--- Conversion started at 2025-05-25T19:45:00.475Z ---
✅ Converted: Lecture002 Write First C++ Program\firstProgram.cpp → Lecture002 Write First C++ Program\firstProgram.java
✅ Converted: Lecture003 If-Else, While loop & Lots of Patterns\conditionals.cpp → Lecture003 If-Else, While loop & Lots of Patterns\conditionals.java
✅ Converted: Lecture003 If-Else, While loop & Lots of Patterns\pattern1.cpp → Lecture003 If-Else, While loop & Lots of Patterns\pattern1.java
✅ Converted: Lecture003 If-Else, While loop & Lots of Patterns\pattern2.cpp → Lecture003 If-Else, While loop & Lots of Patterns\pattern2.java
✅ Converted: Lecture003 If-Else, While loop & Lots of Patterns\primeNumber.cpp → Lecture003 If-Else, While loop & Lots of Patterns\primeNumber.java
✅ Converted: Lecture003 If-Else, While loop & Lots of Patterns\sumOfN.cpp → Lecture003 If-Else, While loop & Lots of Patterns\sumOfN.java
✅ Converted: Lecture003 If-Else, While loop & Lots of Patterns\whileLoop.cpp → Lecture003 If-Else, While loop & Lots of Patterns\whileLoop.java
✅ Converted: Lecture004 Solving Pattern Questions (Part-2)\all_patterns.cpp → Lecture004 Solving Pattern Questions (Part-2)\all_patterns.java
✅ Converted: Lecture004 Solving Pattern Questions (Part-2)\all_triangle_patterns.cpp → Lecture004 Solving Pattern Questions (Part-2)\all_triangle_patterns.java
✅ Converted: Lecture004 Solving Pattern Questions (Part-2)\pattern1.cpp → Lecture004 Solving Pattern Questions (Part-2)\pattern1.java
✅ Converted: Lecture004 Solving Pattern Questions (Part-2)\pattern10.cpp → Lecture004 Solving Pattern Questions (Part-2)\pattern10.java

--- Conversion started at 2025-05-25T19:47:53.008Z ---
✅ Converted: Lecture002 Write First C++ Program\firstProgram.cpp → Lecture002 Write First C++ Program\firstProgram.java
✅ Converted: Lecture003 If-Else, While loop & Lots of Patterns\conditionals.cpp → Lecture003 If-Else, While loop & Lots of Patterns\conditionals.java
✅ Converted: Lecture003 If-Else, While loop & Lots of Patterns\pattern1.cpp → Lecture003 If-Else, While loop & Lots of Patterns\pattern1.java
✅ Converted: Lecture003 If-Else, While loop & Lots of Patterns\pattern2.cpp → Lecture003 If-Else, While loop & Lots of Patterns\pattern2.java
✅ Converted: Lecture003 If-Else, While loop & Lots of Patterns\primeNumber.cpp → Lecture003 If-Else, While loop & Lots of Patterns\primeNumber.java
✅ Converted: Lecture003 If-Else, While loop & Lots of Patterns\sumOfN.cpp → Lecture003 If-Else, While loop & Lots of Patterns\sumOfN.java
✅ Converted: Lecture003 If-Else, While loop & Lots of Patterns\whileLoop.cpp → Lecture003 If-Else, While loop & Lots of Patterns\whileLoop.java
✅ Converted: Lecture004 Solving Pattern Questions (Part-2)\all_patterns.cpp → Lecture004 Solving Pattern Questions (Part-2)\all_patterns.java
✅ Converted: Lecture004 Solving Pattern Questions (Part-2)\all_triangle_patterns.cpp → Lecture004 Solving Pattern Questions (Part-2)\all_triangle_patterns.java
✅ Converted: Lecture004 Solving Pattern Questions (Part-2)\pattern1.cpp → Lecture004 Solving Pattern Questions (Part-2)\pattern1.java
✅ Converted: Lecture004 Solving Pattern Questions (Part-2)\pattern10.cpp → Lecture004 Solving Pattern Questions (Part-2)\pattern10.java
✅ Converted: Lecture004 Solving Pattern Questions (Part-2)\pattern2.cpp → Lecture004 Solving Pattern Questions (Part-2)\pattern2.java
✅ Converted: Lecture004 Solving Pattern Questions (Part-2)\pattern3.cpp → Lecture004 Solving Pattern Questions (Part-2)\pattern3.java
✅ Converted: Lecture004 Solving Pattern Questions (Part-2)\pattern4.cpp → Lecture004 Solving Pattern Questions (Part-2)\pattern4.java
✅ Converted: Lecture004 Solving Pattern Questions (Part-2)\pattern5.cpp → Lecture004 Solving Pattern Questions (Part-2)\pattern5.java
✅ Converted: Lecture004 Solving Pattern Questions (Part-2)\pattern6.cpp → Lecture004 Solving Pattern Questions (Part-2)\pattern6.java
✅ Converted: Lecture004 Solving Pattern Questions (Part-2)\pattern7.cpp → Lecture004 Solving Pattern Questions (Part-2)\pattern7.java
✅ Converted: Lecture004 Solving Pattern Questions (Part-2)\pattern8.cpp → Lecture004 Solving Pattern Questions (Part-2)\pattern8.java
✅ Converted: Lecture004 Solving Pattern Questions (Part-2)\pattern9.cpp → Lecture004 Solving Pattern Questions (Part-2)\pattern9.java
✅ Converted: Lecture005 Bitwise Operators, For Loops, Operator Precedence & Variable Scoping\bitwiseOperators.cpp → Lecture005 Bitwise Operators, For Loops, Operator Precedence & Variable Scoping\bitwiseOperators.java
✅ Converted: Lecture005 Bitwise Operators, For Loops, Operator Precedence & Variable Scoping\continue.cpp → Lecture005 Bitwise Operators, For Loops, Operator Precedence & Variable Scoping\continue.java
✅ Converted: Lecture005 Bitwise Operators, For Loops, Operator Precedence & Variable Scoping\forFib.cpp → Lecture005 Bitwise Operators, For Loops, Operator Precedence & Variable Scoping\forFib.java
✅ Converted: Lecture005 Bitwise Operators, For Loops, Operator Precedence & Variable Scoping\forLoop.cpp → Lecture005 Bitwise Operators, For Loops, Operator Precedence & Variable Scoping\forLoop.java
✅ Converted: Lecture005 Bitwise Operators, For Loops, Operator Precedence & Variable Scoping\forPrime.cpp → Lecture005 Bitwise Operators, For Loops, Operator Precedence & Variable Scoping\forPrime.java
✅ Converted: Lecture005 Bitwise Operators, For Loops, Operator Precedence & Variable Scoping\forSum.cpp → Lecture005 Bitwise Operators, For Loops, Operator Precedence & Variable Scoping\forSum.java
✅ Converted: Lecture005 Bitwise Operators, For Loops, Operator Precedence & Variable Scoping\numberOfOneBits.cpp → Lecture005 Bitwise Operators, For Loops, Operator Precedence & Variable Scoping\numberOfOneBits.java
✅ Converted: Lecture005 Bitwise Operators, For Loops, Operator Precedence & Variable Scoping\scope.cpp → Lecture005 Bitwise Operators, For Loops, Operator Precedence & Variable Scoping\scope.java
✅ Converted: Lecture005 Bitwise Operators, For Loops, Operator Precedence & Variable Scoping\subtractProdAndSum.cpp → Lecture005 Bitwise Operators, For Loops, Operator Precedence & Variable Scoping\subtractProdAndSum.java
✅ Converted: Lecture006 Binary & Decimal Number System\binToDec.cpp → Lecture006 Binary & Decimal Number System\binToDec.java
✅ Converted: Lecture006 Binary & Decimal Number System\decToBin.cpp → Lecture006 Binary & Decimal Number System\decToBin.java
✅ Converted: Lecture007 LeetCode Problem Solving Session\complimentBase10Integer.cpp → Lecture007 LeetCode Problem Solving Session\complimentBase10Integer.java
✅ Converted: Lecture007 LeetCode Problem Solving Session\powerOfTwo.cpp → Lecture007 LeetCode Problem Solving Session\powerOfTwo.java
✅ Converted: Lecture007 LeetCode Problem Solving Session\reverseInteger.cpp → Lecture007 LeetCode Problem Solving Session\reverseInteger.java
✅ Converted: Lecture008 Switch Statement & Functions\calculator.cpp → Lecture008 Switch Statement & Functions\calculator.java
✅ Converted: Lecture008 Switch Statement & Functions\counting.cpp → Lecture008 Switch Statement & Functions\counting.java
✅ Converted: Lecture008 Switch Statement & Functions\evenOdd.cpp → Lecture008 Switch Statement & Functions\evenOdd.java
✅ Converted: Lecture008 Switch Statement & Functions\functionsIntro.cpp → Lecture008 Switch Statement & Functions\functionsIntro.java
✅ Converted: Lecture008 Switch Statement & Functions\nCr.cpp → Lecture008 Switch Statement & Functions\nCr.java
✅ Converted: Lecture008 Switch Statement & Functions\passByValue.cpp → Lecture008 Switch Statement & Functions\passByValue.java
✅ Converted: Lecture008 Switch Statement & Functions\power.cpp → Lecture008 Switch Statement & Functions\power.java
✅ Converted: Lecture008 Switch Statement & Functions\primeNumber.cpp → Lecture008 Switch Statement & Functions\primeNumber.java
✅ Converted: Lecture008 Switch Statement & Functions\switch.cpp → Lecture008 Switch Statement & Functions\switch.java
✅ Converted: Lecture009 Introduction to Arrays in C++\arrayIntro.cpp → Lecture009 Introduction to Arrays in C++\arrayIntro.java
✅ Converted: Lecture009 Introduction to Arrays in C++\arrayScope.cpp → Lecture009 Introduction to Arrays in C++\arrayScope.java
✅ Converted: Lecture009 Introduction to Arrays in C++\linearSeaerch.cpp → Lecture009 Introduction to Arrays in C++\linearSeaerch.java
✅ Converted: Lecture009 Introduction to Arrays in C++\maxMin.cpp → Lecture009 Introduction to Arrays in C++\maxMin.java
✅ Converted: Lecture009 Introduction to Arrays in C++\reverse.cpp → Lecture009 Introduction to Arrays in C++\reverse.java
✅ Converted: Lecture010 Solving LeetCode Arrays\arrayIntersection.cpp → Lecture010 Solving LeetCode Arrays\arrayIntersection.java
✅ Converted: Lecture010 Solving LeetCode Arrays\duplicatesInArray.cpp → Lecture010 Solving LeetCode Arrays\duplicatesInArray.java
✅ Converted: Lecture010 Solving LeetCode Arrays\findUnique.cpp → Lecture010 Solving LeetCode Arrays\findUnique.java
✅ Converted: Lecture010 Solving LeetCode Arrays\pairSum.cpp → Lecture010 Solving LeetCode Arrays\pairSum.java
✅ Converted: Lecture010 Solving LeetCode Arrays\sort01.cpp → Lecture010 Solving LeetCode Arrays\sort01.java
✅ Converted: Lecture010 Solving LeetCode Arrays\swapAlternates.cpp → Lecture010 Solving LeetCode Arrays\swapAlternates.java
✅ Converted: Lecture012 Binary Search Explained in 1 Video [Theory + Code]\binarySearch.cpp → Lecture012 Binary Search Explained in 1 Video [Theory + Code]\binarySearch.java
✅ Converted: Lecture013 Binary Search Interview Questions\firstLastPosition.cpp → Lecture013 Binary Search Interview Questions\firstLastPosition.java
✅ Converted: Lecture013 Binary Search Interview Questions\peakInMountain.cpp → Lecture013 Binary Search Interview Questions\peakInMountain.java
✅ Converted: Lecture014 Binary Search Interview Questions\pivot.cpp → Lecture014 Binary Search Interview Questions\pivot.java
✅ Converted: Lecture014 Binary Search Interview Questions\searchRotatedArray.cpp → Lecture014 Binary Search Interview Questions\searchRotatedArray.java
✅ Converted: Lecture014 Binary Search Interview Questions\sqrt.cpp → Lecture014 Binary Search Interview Questions\sqrt.java
✅ Converted: Lecture015 Binary Search Advanced Problems\aggressiveCows.cpp → Lecture015 Binary Search Advanced Problems\aggressiveCows.java
✅ Converted: Lecture015 Binary Search Advanced Problems\bookAllocationProblem.cpp → Lecture015 Binary Search Advanced Problems\bookAllocationProblem.java
✅ Converted: Lecture016 Selection Sort\selectionSort.cpp → Lecture016 Selection Sort\selectionSort.java
✅ Converted: Lecture017 Bubble Sort\bubbleSort.cpp → Lecture017 Bubble Sort\bubbleSort.java
✅ Converted: Lecture018 Insertion Sort\insertionSort.cpp → Lecture018 Insertion Sort\insertionSort.java
✅ Converted: Lecture020 ArrayQuestions\mergeSortedArray1.cpp → Lecture020 ArrayQuestions\mergeSortedArray1.java
✅ Converted: Lecture020 ArrayQuestions\reverseArray.cpp → Lecture020 ArrayQuestions\reverseArray.java
✅ Converted: Lecture021 Solving Array Questions 2\addArray.cpp → Lecture021 Solving Array Questions 2\addArray.java
✅ Converted: Lecture021 Solving Array Questions 2\checkSortedRotatedArray.cpp → Lecture021 Solving Array Questions 2\checkSortedRotatedArray.java
✅ Converted: Lecture021 Solving Array Questions 2\rotateArray.cpp → Lecture021 Solving Array Questions 2\rotateArray.java
✅ Converted: Lecture022 Strings\intro.cpp → Lecture022 Strings\intro.java
✅ Converted: Lecture022 Strings\removeOccurrences.cpp → Lecture022 Strings\removeOccurrences.java
✅ Converted: Lecture022 Strings\replaceSpaces.cpp → Lecture022 Strings\replaceSpaces.java
✅ Converted: Lecture022 Strings\reverseString.cpp → Lecture022 Strings\reverseString.java
✅ Converted: Lecture022 Strings\validPalindrome.cpp → Lecture022 Strings\validPalindrome.java
✅ Converted: Lecture023 2D arrays\2dArrayIntro.cpp → Lecture023 2D arrays\2dArrayIntro.java
✅ Converted: Lecture023 2D arrays\search2DMatrix1.cpp → Lecture023 2D arrays\search2DMatrix1.java
✅ Converted: Lecture023 2D arrays\search2DMatrix2.cpp → Lecture023 2D arrays\search2DMatrix2.java
✅ Converted: Lecture023 2D arrays\spiralPrint.cpp → Lecture023 2D arrays\spiralPrint.java
✅ Converted: Lecture023 2D arrays\wavePrint.cpp → Lecture023 2D arrays\wavePrint.java
✅ Converted: Lecture024 Maths for DSA\fastExpo.cpp → Lecture024 Maths for DSA\fastExpo.java
✅ Converted: Lecture024 Maths for DSA\gcd.cpp → Lecture024 Maths for DSA\gcd.java
✅ Converted: Lecture024 Maths for DSA\primeNumberBrute.cpp → Lecture024 Maths for DSA\primeNumberBrute.java
✅ Converted: Lecture024 Maths for DSA\sieve.cpp → Lecture024 Maths for DSA\sieve.java
✅ Converted: Lecture025 Intro to Pointers in C++\intro.cpp → Lecture025 Intro to Pointers in C++\intro.java
✅ Converted: Lecture025 Intro to Pointers in C++\play.cpp → Lecture025 Intro to Pointers in C++\play.java
✅ Converted: Lecture026 Pointers with Arrays and Functions\pointer_array.cpp → Lecture026 Pointers with Arrays and Functions\pointer_array.java
✅ Converted: Lecture026 Pointers with Arrays and Functions\pointer_characterArray.cpp → Lecture026 Pointers with Arrays and Functions\pointer_characterArray.java
✅ Converted: Lecture026 Pointers with Arrays and Functions\pointer_functions.cpp → Lecture026 Pointers with Arrays and Functions\pointer_functions.java
✅ Converted: Lecture027 Double Pointers and MCQs\doublePointer.cpp → Lecture027 Double Pointers and MCQs\doublePointer.java
✅ Converted: Lecture027 Double Pointers and MCQs\pointerMCQ.cpp → Lecture027 Double Pointers and MCQs\pointerMCQ.java
✅ Converted: Lecture028 Dynamic Allocation (Part-1)\dynamicArray.cpp → Lecture028 Dynamic Allocation (Part-1)\dynamicArray.java
✅ Converted: Lecture028 Dynamic Allocation (Part-1)\ReferenceVariable.cpp → Lecture028 Dynamic Allocation (Part-1)\ReferenceVariable.java
✅ Converted: Lecture029 Dynamic Allocation (Part-2)\2dArray.cpp → Lecture029 Dynamic Allocation (Part-2)\2dArray.java
✅ Converted: Lecture030 Macros, Gloab Variable etc\counting.cpp → Lecture030 Macros, Gloab Variable etc\counting.java
✅ Converted: Lecture030 Macros, Gloab Variable etc\defaultArgs.cpp → Lecture030 Macros, Gloab Variable etc\defaultArgs.java
✅ Converted: Lecture030 Macros, Gloab Variable etc\globalVariable.cpp → Lecture030 Macros, Gloab Variable etc\globalVariable.java
✅ Converted: Lecture030 Macros, Gloab Variable etc\inlineFunctions.cpp → Lecture030 Macros, Gloab Variable etc\inlineFunctions.java
✅ Converted: Lecture030 Macros, Gloab Variable etc\macros.cpp → Lecture030 Macros, Gloab Variable etc\macros.java
✅ Converted: Lecture031 Recursion Day1\factroial.cpp → Lecture031 Recursion Day1\factroial.java
✅ Converted: Lecture031 Recursion Day1\power.cpp → Lecture031 Recursion Day1\power.java
✅ Converted: Lecture031 Recursion Day1\tempCodeRunnerFile.cpp → Lecture031 Recursion Day1\tempCodeRunnerFile.java
✅ Converted: Lecture032 Recursion Day2\climbStairs.cpp → Lecture032 Recursion Day2\climbStairs.java
✅ Converted: Lecture032 Recursion Day2\Fibbonacci.cpp → Lecture032 Recursion Day2\Fibbonacci.java
✅ Converted: Lecture032 Recursion Day2\SayDigits.cpp → Lecture032 Recursion Day2\SayDigits.java
✅ Converted: Lecture032 Recursion Day2\walkingExample.cpp → Lecture032 Recursion Day2\walkingExample.java
✅ Converted: Lecture033 Recursion Day3\binarySearch.cpp → Lecture033 Recursion Day3\binarySearch.java
✅ Converted: Lecture033 Recursion Day3\linearSearch.cpp → Lecture033 Recursion Day3\linearSearch.java
✅ Converted: Lecture033 Recursion Day3\sortedArray.cpp → Lecture033 Recursion Day3\sortedArray.java
✅ Converted: Lecture033 Recursion Day3\sum.cpp → Lecture033 Recursion Day3\sum.java
✅ Converted: Lecture034 Recursion Day4\bubbleSort.cpp → Lecture034 Recursion Day4\bubbleSort.java
✅ Converted: Lecture034 Recursion Day4\exponent.cpp → Lecture034 Recursion Day4\exponent.java
✅ Converted: Lecture034 Recursion Day4\palindromeCheck.cpp → Lecture034 Recursion Day4\palindromeCheck.java
✅ Converted: Lecture034 Recursion Day4\reverseString.cpp → Lecture034 Recursion Day4\reverseString.java
✅ Converted: Lecture035 Recursion Day5\mergeSort.cpp → Lecture035 Recursion Day5\mergeSort.java
✅ Converted: Lecture036 Recursion Day6\quickSort.cpp → Lecture036 Recursion Day6\quickSort.java
✅ Converted: Lecture037 Recursion Day7\subsequences.cpp → Lecture037 Recursion Day7\subsequences.java
✅ Converted: Lecture037 Recursion Day7\subsets.cpp → Lecture037 Recursion Day7\subsets.java
✅ Converted: Lecture038 Recursion Day8\keypad.cpp → Lecture038 Recursion Day8\keypad.java
✅ Converted: Lecture042 OOPs Day1\Hero.cpp → Lecture042 OOPs Day1\Hero.java
✅ Converted: Lecture042 OOPs Day1\intro.cpp → Lecture042 OOPs Day1\intro.java
✅ Converted: Lecture043 OOPs Day2\ambiguity.cpp → Lecture043 OOPs Day2\ambiguity.java
✅ Converted: Lecture043 OOPs Day2\concept.cpp → Lecture043 OOPs Day2\concept.java
✅ Converted: Lecture043 OOPs Day2\hierarchicalInheritance.cpp → Lecture043 OOPs Day2\hierarchicalInheritance.java
✅ Converted: Lecture043 OOPs Day2\inheritance.cpp → Lecture043 OOPs Day2\inheritance.java
✅ Converted: Lecture043 OOPs Day2\multiLevelInheritance.cpp → Lecture043 OOPs Day2\multiLevelInheritance.java
✅ Converted: Lecture043 OOPs Day2\multipleInheritance.cpp → Lecture043 OOPs Day2\multipleInheritance.java
✅ Converted: Lecture043 OOPs Day2\polymorphism.cpp → Lecture043 OOPs Day2\polymorphism.java
✅ Converted: Lecture043 OOPs Day2\singleInheritance.cpp → Lecture043 OOPs Day2\singleInheritance.java
✅ Converted: Lecture044 Linked List Day1\circularLinkedList.cpp → Lecture044 Linked List Day1\circularLinkedList.java
✅ Converted: Lecture044 Linked List Day1\doublyLinkedList.cpp → Lecture044 Linked List Day1\doublyLinkedList.java
✅ Converted: Lecture044 Linked List Day1\singlyLinkedList.cpp → Lecture044 Linked List Day1\singlyLinkedList.java
✅ Converted: Lecture045 Linked List Day2\linkedList.cpp → Lecture045 Linked List Day2\linkedList.java
✅ Converted: Lecture046 Linked List Day3\reverseInKGroup.cpp → Lecture046 Linked List Day3\reverseInKGroup.java
✅ Converted: Lecture047 Linked List Day4\loop.cpp → Lecture047 Linked List Day4\loop.java
✅ Converted: Lecture048 Linked List Day5\duplicates.cpp → Lecture048 Linked List Day5\duplicates.java
✅ Converted: Lecture049 Linked List Day6\mergeList.cpp → Lecture049 Linked List Day6\mergeList.java
✅ Converted: Lecture049 Linked List Day6\sort.cpp → Lecture049 Linked List Day6\sort.java
✅ Converted: Lecture050 Linked List Day7\palindrome.cpp → Lecture050 Linked List Day7\palindrome.java
✅ Converted: Lecture051 Linked List Day8\add.cpp → Lecture051 Linked List Day8\add.java
✅ Converted: Lecture052 Linked List Day9\clone.cpp → Lecture052 Linked List Day9\clone.java
✅ Converted: Lecture053 Linked List Day10\mergeSort.cpp → Lecture053 Linked List Day10\mergeSort.java
✅ Converted: Lecture054 Stack & its Implementation\stackIntro.cpp → Lecture054 Stack & its Implementation\stackIntro.java
✅ Converted: Lecture054 Stack & its Implementation\twoStacks.cpp → Lecture054 Stack & its Implementation\twoStacks.java
✅ Converted: Lecture055 Stack Questions\bracketReversals.cpp → Lecture055 Stack Questions\bracketReversals.java
✅ Converted: Lecture055 Stack Questions\deleteMiddle.cpp → Lecture055 Stack Questions\deleteMiddle.java
✅ Converted: Lecture055 Stack Questions\insertAtBottom.cpp → Lecture055 Stack Questions\insertAtBottom.java
✅ Converted: Lecture055 Stack Questions\redundantBrackets.cpp → Lecture055 Stack Questions\redundantBrackets.java
✅ Converted: Lecture055 Stack Questions\reverseStack.cpp → Lecture055 Stack Questions\reverseStack.java
✅ Converted: Lecture055 Stack Questions\reverseString.cpp → Lecture055 Stack Questions\reverseString.java
✅ Converted: Lecture055 Stack Questions\sortStack.cpp → Lecture055 Stack Questions\sortStack.java
✅ Converted: Lecture055 Stack Questions\validBrackets.cpp → Lecture055 Stack Questions\validBrackets.java
✅ Converted: Lecture056 Stacks Questions\areaHistogram.cpp → Lecture056 Stacks Questions\areaHistogram.java
✅ Converted: Lecture056 Stacks Questions\nextSmaller.cpp → Lecture056 Stacks Questions\nextSmaller.java
✅ Converted: Lecture057 Stack Questions\celebrity.cpp → Lecture057 Stack Questions\celebrity.java
✅ Converted: Lecture057 Stack Questions\maxRectangle.cpp → Lecture057 Stack Questions\maxRectangle.java
✅ Converted: Lecture058 Stack Questions\NStack.cpp → Lecture058 Stack Questions\NStack.java
✅ Converted: Lecture059 Stack Questions\specialStack.cpp → Lecture059 Stack Questions\specialStack.java
✅ Converted: Lecture060 Queue & its Implementation\circularQueue.cpp → Lecture060 Queue & its Implementation\circularQueue.java
✅ Converted: Lecture060 Queue & its Implementation\deque.cpp → Lecture060 Queue & its Implementation\deque.java
✅ Converted: Lecture060 Queue & its Implementation\implementQueue.cpp → Lecture060 Queue & its Implementation\implementQueue.java
✅ Converted: Lecture060 Queue & its Implementation\queueIntro.cpp → Lecture060 Queue & its Implementation\queueIntro.java
✅ Converted: Lecture061 Queue Interview Questions\circularTour.cpp → Lecture061 Queue Interview Questions\circularTour.java
✅ Converted: Lecture061 Queue Interview Questions\KQueue.cpp → Lecture061 Queue Interview Questions\KQueue.java
✅ Converted: Lecture061 Queue Interview Questions\negativeInteger.cpp → Lecture061 Queue Interview Questions\negativeInteger.java
✅ Converted: Lecture061 Queue Interview Questions\nonRepeating.cpp → Lecture061 Queue Interview Questions\nonRepeating.java
✅ Converted: Lecture061 Queue Interview Questions\reverseFirstK.cpp → Lecture061 Queue Interview Questions\reverseFirstK.java
✅ Converted: Lecture061 Queue Interview Questions\reverseQueue.cpp → Lecture061 Queue Interview Questions\reverseQueue.java
✅ Converted: Lecture061 Queue Interview Questions\sumMaxMin.cpp → Lecture061 Queue Interview Questions\sumMaxMin.java
✅ Converted: Lecture062 Tree Introduction\binaryTree.cpp → Lecture062 Tree Introduction\binaryTree.java
✅ Converted: Lecture062 Tree Introduction\countLeaf.cpp → Lecture062 Tree Introduction\countLeaf.java
✅ Converted: Lecture063 Tree Interview Questions Day1\balancedTree.cpp → Lecture063 Tree Interview Questions Day1\balancedTree.java
✅ Converted: Lecture063 Tree Interview Questions Day1\diameter.cpp → Lecture063 Tree Interview Questions Day1\diameter.java
✅ Converted: Lecture063 Tree Interview Questions Day1\height.cpp → Lecture063 Tree Interview Questions Day1\height.java
✅ Converted: Lecture063 Tree Interview Questions Day1\identicalTree.cpp → Lecture063 Tree Interview Questions Day1\identicalTree.java
✅ Converted: Lecture063 Tree Interview Questions Day1\sumTree.cpp → Lecture063 Tree Interview Questions Day1\sumTree.java
✅ Converted: Lecture064 Tree Interview Questions Day2\bottomView.cpp → Lecture064 Tree Interview Questions Day2\bottomView.java
✅ Converted: Lecture064 Tree Interview Questions Day2\boundaryTraversal.cpp → Lecture064 Tree Interview Questions Day2\boundaryTraversal.java
✅ Converted: Lecture064 Tree Interview Questions Day2\LeftView.cpp → Lecture064 Tree Interview Questions Day2\LeftView.java
✅ Converted: Lecture064 Tree Interview Questions Day2\rightView.cpp → Lecture064 Tree Interview Questions Day2\rightView.java
✅ Converted: Lecture064 Tree Interview Questions Day2\topView.cpp → Lecture064 Tree Interview Questions Day2\topView.java
✅ Converted: Lecture064 Tree Interview Questions Day2\verticalTraversal.cpp → Lecture064 Tree Interview Questions Day2\verticalTraversal.java
✅ Converted: Lecture064 Tree Interview Questions Day2\zigzag.cpp → Lecture064 Tree Interview Questions Day2\zigzag.java
✅ Converted: Lecture065 Tree Interview Questions Day3\bloodline.cpp → Lecture065 Tree Interview Questions Day3\bloodline.java
✅ Converted: Lecture065 Tree Interview Questions Day3\kAncestor.cpp → Lecture065 Tree Interview Questions Day3\kAncestor.java
✅ Converted: Lecture065 Tree Interview Questions Day3\kSumPaths.cpp → Lecture065 Tree Interview Questions Day3\kSumPaths.java
✅ Converted: Lecture065 Tree Interview Questions Day3\lca.cpp → Lecture065 Tree Interview Questions Day3\lca.java
✅ Converted: Lecture065 Tree Interview Questions Day3\maxSumNonAdjacentNodes.cpp → Lecture065 Tree Interview Questions Day3\maxSumNonAdjacentNodes.java

🎉 Conversion complete in 1272.90 seconds
--- Conversion ended at 2025-05-25T20:09:05.912Z ---

